INFO [2024-07-10 13:25:26] $x
INFO [2024-07-10 13:25:26] set_list
INFO [2024-07-10 13:25:26] 
INFO [2024-07-10 13:25:26] $category.names
INFO [2024-07-10 13:25:26] set_names
INFO [2024-07-10 13:25:26] 
INFO [2024-07-10 13:25:26] $filename
INFO [2024-07-10 13:25:26] output_file
INFO [2024-07-10 13:25:26] 
INFO [2024-07-10 13:25:26] $output
INFO [2024-07-10 13:25:26] [1] TRUE
INFO [2024-07-10 13:25:26] 
INFO [2024-07-10 13:25:26] $imagetype
INFO [2024-07-10 13:25:26] [1] "png"
INFO [2024-07-10 13:25:26] 
INFO [2024-07-10 13:25:26] $height
INFO [2024-07-10 13:25:26] [1] 3000
INFO [2024-07-10 13:25:26] 
INFO [2024-07-10 13:25:26] $width
INFO [2024-07-10 13:25:26] [1] 3000
INFO [2024-07-10 13:25:26] 
INFO [2024-07-10 13:25:26] $resolution
INFO [2024-07-10 13:25:26] [1] 300
INFO [2024-07-10 13:25:26] 
INFO [2024-07-10 13:25:26] $compression
INFO [2024-07-10 13:25:26] [1] "lzw"
INFO [2024-07-10 13:25:26] 
INFO [2024-07-10 13:25:26] $lwd
INFO [2024-07-10 13:25:26] [1] 2
INFO [2024-07-10 13:25:26] 
INFO [2024-07-10 13:25:26] $col
INFO [2024-07-10 13:25:26] [1] "black"
INFO [2024-07-10 13:25:26] 
INFO [2024-07-10 13:25:26] $alpha
INFO [2024-07-10 13:25:26] [1] 0.5
INFO [2024-07-10 13:25:26] 
INFO [2024-07-10 13:25:26] $label.col
INFO [2024-07-10 13:25:26] [1] "black"
INFO [2024-07-10 13:25:26] 
INFO [2024-07-10 13:25:26] $cex
INFO [2024-07-10 13:25:26] [1] 1.5
INFO [2024-07-10 13:25:26] 
INFO [2024-07-10 13:25:26] $fontfamily
INFO [2024-07-10 13:25:26] [1] "sans"
INFO [2024-07-10 13:25:26] 
INFO [2024-07-10 13:25:26] $fontface
INFO [2024-07-10 13:25:26] [1] "bold"
INFO [2024-07-10 13:25:26] 
INFO [2024-07-10 13:25:26] $cat.cex
INFO [2024-07-10 13:25:26] [1] 1.5
INFO [2024-07-10 13:25:26] 
INFO [2024-07-10 13:25:26] $cat.fontfamily
INFO [2024-07-10 13:25:26] [1] "sans"
INFO [2024-07-10 13:25:26] 
