INFO [2024-07-19 06:16:53] $x
INFO [2024-07-19 06:16:53] set_list
INFO [2024-07-19 06:16:53] 
INFO [2024-07-19 06:16:53] $category.names
INFO [2024-07-19 06:16:53] set_names
INFO [2024-07-19 06:16:53] 
INFO [2024-07-19 06:16:53] $filename
INFO [2024-07-19 06:16:53] output_file
INFO [2024-07-19 06:16:53] 
INFO [2024-07-19 06:16:53] $output
INFO [2024-07-19 06:16:53] [1] TRUE
INFO [2024-07-19 06:16:53] 
INFO [2024-07-19 06:16:53] $imagetype
INFO [2024-07-19 06:16:53] [1] "png"
INFO [2024-07-19 06:16:53] 
INFO [2024-07-19 06:16:53] $height
INFO [2024-07-19 06:16:53] [1] 3000
INFO [2024-07-19 06:16:53] 
INFO [2024-07-19 06:16:53] $width
INFO [2024-07-19 06:16:53] [1] 3000
INFO [2024-07-19 06:16:53] 
INFO [2024-07-19 06:16:53] $resolution
INFO [2024-07-19 06:16:53] [1] 300
INFO [2024-07-19 06:16:53] 
INFO [2024-07-19 06:16:53] $compression
INFO [2024-07-19 06:16:53] [1] "lzw"
INFO [2024-07-19 06:16:53] 
INFO [2024-07-19 06:16:53] $lwd
INFO [2024-07-19 06:16:53] [1] 2
INFO [2024-07-19 06:16:53] 
INFO [2024-07-19 06:16:53] $col
INFO [2024-07-19 06:16:53] [1] "black"
INFO [2024-07-19 06:16:53] 
INFO [2024-07-19 06:16:53] $alpha
INFO [2024-07-19 06:16:53] [1] 0.5
INFO [2024-07-19 06:16:53] 
INFO [2024-07-19 06:16:53] $label.col
INFO [2024-07-19 06:16:53] [1] "black"
INFO [2024-07-19 06:16:53] 
INFO [2024-07-19 06:16:53] $cex
INFO [2024-07-19 06:16:53] [1] 1.5
INFO [2024-07-19 06:16:53] 
INFO [2024-07-19 06:16:53] $fontfamily
INFO [2024-07-19 06:16:53] [1] "sans"
INFO [2024-07-19 06:16:53] 
INFO [2024-07-19 06:16:53] $fontface
INFO [2024-07-19 06:16:53] [1] "bold"
INFO [2024-07-19 06:16:53] 
INFO [2024-07-19 06:16:53] $cat.cex
INFO [2024-07-19 06:16:53] [1] 1.5
INFO [2024-07-19 06:16:53] 
INFO [2024-07-19 06:16:53] $cat.fontfamily
INFO [2024-07-19 06:16:53] [1] "sans"
INFO [2024-07-19 06:16:53] 
