INFO [2024-07-10 13:22:57] $x
INFO [2024-07-10 13:22:57] set_list
INFO [2024-07-10 13:22:57] 
INFO [2024-07-10 13:22:57] $category.names
INFO [2024-07-10 13:22:57] set_names
INFO [2024-07-10 13:22:57] 
INFO [2024-07-10 13:22:57] $filename
INFO [2024-07-10 13:22:57] output_file
INFO [2024-07-10 13:22:57] 
INFO [2024-07-10 13:22:57] $output
INFO [2024-07-10 13:22:57] [1] TRUE
INFO [2024-07-10 13:22:57] 
INFO [2024-07-10 13:22:57] $imagetype
INFO [2024-07-10 13:22:57] [1] "png"
INFO [2024-07-10 13:22:57] 
INFO [2024-07-10 13:22:57] $height
INFO [2024-07-10 13:22:57] [1] 3000
INFO [2024-07-10 13:22:57] 
INFO [2024-07-10 13:22:57] $width
INFO [2024-07-10 13:22:57] [1] 3000
INFO [2024-07-10 13:22:57] 
INFO [2024-07-10 13:22:57] $resolution
INFO [2024-07-10 13:22:57] [1] 300
INFO [2024-07-10 13:22:57] 
INFO [2024-07-10 13:22:57] $compression
INFO [2024-07-10 13:22:57] [1] "lzw"
INFO [2024-07-10 13:22:57] 
INFO [2024-07-10 13:22:57] $lwd
INFO [2024-07-10 13:22:57] [1] 2
INFO [2024-07-10 13:22:57] 
INFO [2024-07-10 13:22:57] $col
INFO [2024-07-10 13:22:57] [1] "black"
INFO [2024-07-10 13:22:57] 
INFO [2024-07-10 13:22:57] $alpha
INFO [2024-07-10 13:22:57] [1] 0.5
INFO [2024-07-10 13:22:57] 
INFO [2024-07-10 13:22:57] $label.col
INFO [2024-07-10 13:22:57] [1] "black"
INFO [2024-07-10 13:22:57] 
INFO [2024-07-10 13:22:57] $cex
INFO [2024-07-10 13:22:57] [1] 1.5
INFO [2024-07-10 13:22:57] 
INFO [2024-07-10 13:22:57] $fontfamily
INFO [2024-07-10 13:22:57] [1] "sans"
INFO [2024-07-10 13:22:57] 
INFO [2024-07-10 13:22:57] $fontface
INFO [2024-07-10 13:22:57] [1] "bold"
INFO [2024-07-10 13:22:57] 
INFO [2024-07-10 13:22:57] $cat.cex
INFO [2024-07-10 13:22:57] [1] 1.5
INFO [2024-07-10 13:22:57] 
INFO [2024-07-10 13:22:57] $cat.fontfamily
INFO [2024-07-10 13:22:57] [1] "sans"
INFO [2024-07-10 13:22:57] 
