INFO [2024-07-19 06:16:54] $x
INFO [2024-07-19 06:16:54] set_list
INFO [2024-07-19 06:16:54] 
INFO [2024-07-19 06:16:54] $category.names
INFO [2024-07-19 06:16:54] set_names
INFO [2024-07-19 06:16:54] 
INFO [2024-07-19 06:16:54] $filename
INFO [2024-07-19 06:16:54] output_file
INFO [2024-07-19 06:16:54] 
INFO [2024-07-19 06:16:54] $output
INFO [2024-07-19 06:16:54] [1] TRUE
INFO [2024-07-19 06:16:54] 
INFO [2024-07-19 06:16:54] $imagetype
INFO [2024-07-19 06:16:54] [1] "png"
INFO [2024-07-19 06:16:54] 
INFO [2024-07-19 06:16:54] $height
INFO [2024-07-19 06:16:54] [1] 3000
INFO [2024-07-19 06:16:54] 
INFO [2024-07-19 06:16:54] $width
INFO [2024-07-19 06:16:54] [1] 3000
INFO [2024-07-19 06:16:54] 
INFO [2024-07-19 06:16:54] $resolution
INFO [2024-07-19 06:16:54] [1] 300
INFO [2024-07-19 06:16:54] 
INFO [2024-07-19 06:16:54] $compression
INFO [2024-07-19 06:16:54] [1] "lzw"
INFO [2024-07-19 06:16:54] 
INFO [2024-07-19 06:16:54] $lwd
INFO [2024-07-19 06:16:54] [1] 2
INFO [2024-07-19 06:16:54] 
INFO [2024-07-19 06:16:54] $col
INFO [2024-07-19 06:16:54] [1] "black"
INFO [2024-07-19 06:16:54] 
INFO [2024-07-19 06:16:54] $alpha
INFO [2024-07-19 06:16:54] [1] 0.5
INFO [2024-07-19 06:16:54] 
INFO [2024-07-19 06:16:54] $label.col
INFO [2024-07-19 06:16:54] [1] "black"
INFO [2024-07-19 06:16:54] 
INFO [2024-07-19 06:16:54] $cex
INFO [2024-07-19 06:16:54] [1] 1.5
INFO [2024-07-19 06:16:54] 
INFO [2024-07-19 06:16:54] $fontfamily
INFO [2024-07-19 06:16:54] [1] "sans"
INFO [2024-07-19 06:16:54] 
INFO [2024-07-19 06:16:54] $fontface
INFO [2024-07-19 06:16:54] [1] "bold"
INFO [2024-07-19 06:16:54] 
INFO [2024-07-19 06:16:54] $cat.cex
INFO [2024-07-19 06:16:54] [1] 1.5
INFO [2024-07-19 06:16:54] 
INFO [2024-07-19 06:16:54] $cat.fontfamily
INFO [2024-07-19 06:16:54] [1] "sans"
INFO [2024-07-19 06:16:54] 
