INFO [2024-07-10 13:22:58] $x
INFO [2024-07-10 13:22:58] set_list
INFO [2024-07-10 13:22:58] 
INFO [2024-07-10 13:22:58] $category.names
INFO [2024-07-10 13:22:58] set_names
INFO [2024-07-10 13:22:58] 
INFO [2024-07-10 13:22:58] $filename
INFO [2024-07-10 13:22:58] output_file
INFO [2024-07-10 13:22:58] 
INFO [2024-07-10 13:22:58] $output
INFO [2024-07-10 13:22:58] [1] TRUE
INFO [2024-07-10 13:22:58] 
INFO [2024-07-10 13:22:58] $imagetype
INFO [2024-07-10 13:22:58] [1] "png"
INFO [2024-07-10 13:22:58] 
INFO [2024-07-10 13:22:58] $height
INFO [2024-07-10 13:22:58] [1] 3000
INFO [2024-07-10 13:22:58] 
INFO [2024-07-10 13:22:58] $width
INFO [2024-07-10 13:22:58] [1] 3000
INFO [2024-07-10 13:22:58] 
INFO [2024-07-10 13:22:58] $resolution
INFO [2024-07-10 13:22:58] [1] 300
INFO [2024-07-10 13:22:58] 
INFO [2024-07-10 13:22:58] $compression
INFO [2024-07-10 13:22:58] [1] "lzw"
INFO [2024-07-10 13:22:58] 
INFO [2024-07-10 13:22:58] $lwd
INFO [2024-07-10 13:22:58] [1] 2
INFO [2024-07-10 13:22:58] 
INFO [2024-07-10 13:22:58] $col
INFO [2024-07-10 13:22:58] [1] "black"
INFO [2024-07-10 13:22:58] 
INFO [2024-07-10 13:22:58] $alpha
INFO [2024-07-10 13:22:58] [1] 0.5
INFO [2024-07-10 13:22:58] 
INFO [2024-07-10 13:22:58] $label.col
INFO [2024-07-10 13:22:58] [1] "black"
INFO [2024-07-10 13:22:58] 
INFO [2024-07-10 13:22:58] $cex
INFO [2024-07-10 13:22:58] [1] 1.5
INFO [2024-07-10 13:22:58] 
INFO [2024-07-10 13:22:58] $fontfamily
INFO [2024-07-10 13:22:58] [1] "sans"
INFO [2024-07-10 13:22:58] 
INFO [2024-07-10 13:22:58] $fontface
INFO [2024-07-10 13:22:58] [1] "bold"
INFO [2024-07-10 13:22:58] 
INFO [2024-07-10 13:22:58] $cat.cex
INFO [2024-07-10 13:22:58] [1] 1.5
INFO [2024-07-10 13:22:58] 
INFO [2024-07-10 13:22:58] $cat.fontfamily
INFO [2024-07-10 13:22:58] [1] "sans"
INFO [2024-07-10 13:22:58] 
