INFO [2024-07-10 13:25:25] $x
INFO [2024-07-10 13:25:25] set_list
INFO [2024-07-10 13:25:25] 
INFO [2024-07-10 13:25:25] $category.names
INFO [2024-07-10 13:25:25] set_names
INFO [2024-07-10 13:25:25] 
INFO [2024-07-10 13:25:25] $filename
INFO [2024-07-10 13:25:25] output_file
INFO [2024-07-10 13:25:25] 
INFO [2024-07-10 13:25:25] $output
INFO [2024-07-10 13:25:25] [1] TRUE
INFO [2024-07-10 13:25:25] 
INFO [2024-07-10 13:25:25] $imagetype
INFO [2024-07-10 13:25:25] [1] "png"
INFO [2024-07-10 13:25:25] 
INFO [2024-07-10 13:25:25] $height
INFO [2024-07-10 13:25:25] [1] 3000
INFO [2024-07-10 13:25:25] 
INFO [2024-07-10 13:25:25] $width
INFO [2024-07-10 13:25:25] [1] 3000
INFO [2024-07-10 13:25:25] 
INFO [2024-07-10 13:25:25] $resolution
INFO [2024-07-10 13:25:25] [1] 300
INFO [2024-07-10 13:25:25] 
INFO [2024-07-10 13:25:25] $compression
INFO [2024-07-10 13:25:25] [1] "lzw"
INFO [2024-07-10 13:25:25] 
INFO [2024-07-10 13:25:25] $lwd
INFO [2024-07-10 13:25:25] [1] 2
INFO [2024-07-10 13:25:25] 
INFO [2024-07-10 13:25:25] $col
INFO [2024-07-10 13:25:25] [1] "black"
INFO [2024-07-10 13:25:25] 
INFO [2024-07-10 13:25:25] $alpha
INFO [2024-07-10 13:25:25] [1] 0.5
INFO [2024-07-10 13:25:25] 
INFO [2024-07-10 13:25:25] $label.col
INFO [2024-07-10 13:25:25] [1] "black"
INFO [2024-07-10 13:25:25] 
INFO [2024-07-10 13:25:25] $cex
INFO [2024-07-10 13:25:25] [1] 1.5
INFO [2024-07-10 13:25:25] 
INFO [2024-07-10 13:25:25] $fontfamily
INFO [2024-07-10 13:25:25] [1] "sans"
INFO [2024-07-10 13:25:25] 
INFO [2024-07-10 13:25:25] $fontface
INFO [2024-07-10 13:25:25] [1] "bold"
INFO [2024-07-10 13:25:25] 
INFO [2024-07-10 13:25:25] $cat.cex
INFO [2024-07-10 13:25:25] [1] 1.5
INFO [2024-07-10 13:25:25] 
INFO [2024-07-10 13:25:25] $cat.fontfamily
INFO [2024-07-10 13:25:25] [1] "sans"
INFO [2024-07-10 13:25:25] 
